d:\유준환\151기\frame151\tool\debug\tool.pch
d:\유준환\151기\frame151\tool\debug\vc143.pdb
d:\유준환\151기\frame151\tool\debug\vc143.idb
d:\유준환\151기\frame151\tool\debug\pch.obj
d:\유준환\151기\frame151\tool\debug\toolview.obj
d:\유준환\151기\frame151\tool\debug\tooldoc.obj
d:\유준환\151기\frame151\tool\debug\tool.obj
d:\유준환\151기\frame151\tool\debug\mainfrm.obj
d:\유준환\151기\frame151\tool\debug\cdevice.obj
d:\유준환\151기\frame151\tool\debug\tool.res
d:\유준환\151기\frame151\debug\tool.pdb
d:\유준환\151기\frame151\tool\debug\tool.tlog\cl.command.1.tlog
d:\유준환\151기\frame151\tool\debug\tool.tlog\cl.read.1.tlog
d:\유준환\151기\frame151\tool\debug\tool.tlog\cl.write.1.tlog
d:\유준환\151기\frame151\tool\debug\tool.tlog\link-cvtres.read.1.tlog
d:\유준환\151기\frame151\tool\debug\tool.tlog\link-cvtres.write.1.tlog
d:\유준환\151기\frame151\tool\debug\tool.tlog\link-mt.read.1.tlog
d:\유준환\151기\frame151\tool\debug\tool.tlog\link-mt.write.1.tlog
d:\유준환\151기\frame151\tool\debug\tool.tlog\link-rc.read.1.tlog
d:\유준환\151기\frame151\tool\debug\tool.tlog\link-rc.write.1.tlog
d:\유준환\151기\frame151\tool\debug\tool.tlog\link.command.1.tlog
d:\유준환\151기\frame151\tool\debug\tool.tlog\link.read.1.tlog
d:\유준환\151기\frame151\tool\debug\tool.tlog\link.write.1.tlog
d:\유준환\151기\frame151\tool\debug\tool.tlog\rc.command.1.tlog
d:\유준환\151기\frame151\tool\debug\tool.tlog\rc.read.1.tlog
d:\유준환\151기\frame151\tool\debug\tool.tlog\rc.write.1.tlog
